23-04-23 17:17:37.670 - INFO:   name: DiffuseMorph_3D
  phase: train
  gpu_ids: [0]
  display_port: 8097
  path:[
    log: experiments/DiffuseMorph_3D_230423_171737/logs
    tb_logger: experiments/DiffuseMorph_3D_230423_171737/tb_logger
    results: experiments/DiffuseMorph_3D_230423_171737/results
    checkpoint: experiments/DiffuseMorph_3D_230423_171737/checkpoint
    resume_state: None
    experiments_root: experiments/DiffuseMorph_3D_230423_171737
  ]
  datasets:[
    centered: True
    train:[
      name: 3D
      dataroot: ./toy_sample/3d/
      batch_size: 1
      num_workers: 8
      use_shuffle: True
    ]
  ]
  model:[
    netDim: 3
    which_model_G: ddpm
    finetune_norm: False
    unet:[
      in_channel: 3
      out_channel: 1
      inner_channel: 8
      channel_multiplier: [1, 2, 4, 4]
      attn_res: [10]
      res_blocks: 1
      dropout: 0
    ]
    beta_schedule:[
      train:[
        schedule: linear
        n_timestep: 2000
        linear_start: 1e-06
        linear_end: 0.01
      ]
    ]
    diffusion:[
      image_size: [128, 128, 32]
      conditional: True
    ]
    field:[
      in_channel: 2
      encoder_nc: [16, 32, 32, 32, 32]
      decoder_nc: [32, 32, 32, 8, 8, 3]
    ]
    loss_lambda: 20
  ]
  train:[
    n_epoch: 800
    val_freq: 50
    save_checkpoint_epoch: 1
    print_freq: 1
    optimizer:[
      type: adam
      lr: 0.0002
    ]
  ]
  distributed: False

